2015-05-15 15:45:48,247 INFO ('CI_Loader.py', '354', '_register_instance') load module Index of controllers successfull. 	<controllers.Index.Index instance at 0x02D120A8>
2015-05-15 15:46:50,427 INFO ('CI_DB.py', '99', 'query') select * from cmdhelp where cmd='cobbler'
2015-05-15 15:46:54,571 INFO ('CI_DB.py', '99', 'query') select * from cmdhelp where cmd='ci'
2015-05-15 15:47:34,144 INFO ('CI_DB.py', '99', 'query') select * from cmdhelp where cmd=';s'
2015-05-15 15:47:37,480 INFO ('CI_DB.py', '99', 'query') select * from cmdhelp where cmd='ls'
2015-05-15 15:47:53,483 INFO ('CI_Loader.py', '354', '_register_instance') load module Index of controllers successfull. 	<controllers.Index.Index instance at 0x02D320A8>
2015-05-15 15:47:54,099 INFO ('CI_DB.py', '99', 'query') select * from cmdhelp where cmd='ls'
2015-05-15 15:47:56,221 INFO ('CI_DB.py', '99', 'query') select * from cmdhelp where cmd='ls'
2015-05-15 15:48:13,944 INFO ('CI_Loader.py', '354', '_register_instance') load module Index of controllers successfull. 	<controllers.Index.Index instance at 0x02BE20A8>
2015-05-15 15:48:14,497 INFO ('CI_DB.py', '99', 'query') select * from cmdhelp where cmd='ls'
2015-05-15 15:48:16,654 INFO ('CI_DB.py', '99', 'query') select * from cmdhelp where cmd='ls'
2015-05-15 15:48:57,263 INFO ('CI_Loader.py', '354', '_register_instance') load module Index of controllers successfull. 	<controllers.Index.Index instance at 0x02E120A8>
2015-05-15 15:48:57,859 INFO ('CI_DB.py', '99', 'query') select * from cmdhelp where cmd='ls'
2015-05-15 15:48:58,775 INFO ('CI_DB.py', '99', 'query') select * from cmdhelp where cmd='ls'
2015-05-15 15:49:12,845 INFO ('CI_Loader.py', '354', '_register_instance') load module Index of controllers successfull. 	<controllers.Index.Index instance at 0x02D120A8>
2015-05-15 15:49:13,713 INFO ('CI_DB.py', '99', 'query') select * from cmdhelp where cmd='ls'
2015-05-15 15:49:13,714 ERROR   File "C:/Users/user/Desktop/cmdhelp/cmdServer.py", line 19, in application
    code,obj=ci.router.wsgi_route(env)
  File "C:\Python27\lib\site-packages\gevent\pywsgi.py", line 494, in run_application
    self.result = self.application(self.environ, self.start_response)
  File "C:\Python27\lib\site-packages\gevent\pywsgi.py", line 508, in handle_one_response
    self.run_application()
  File "C:\Python27\lib\site-packages\gevent\pywsgi.py", line 321, in handle_one_request
    self.handle_one_response()
  File "C:\Python27\lib\site-packages\gevent\pywsgi.py", line 184, in handle
    result = self.handle_one_request()
  File "C:\Python27\lib\site-packages\gevent\pywsgi.py", line 658, in handle
    handler.handle()
  File "C:\Python27\lib\site-packages\gevent\greenlet.py", line 327, in run
    result = self._run(*self.args, **self.kwargs)

2015-05-15 15:49:39,092 INFO ('CI_Loader.py', '354', '_register_instance') load module Index of controllers successfull. 	<controllers.Index.Index instance at 0x02C520A8>
2015-05-15 15:49:39,753 INFO ('CI_DB.py', '99', 'query') select * from cmdhelp where cmd='ls'
2015-05-15 15:49:39,778 ERROR   File "C:/Users/user/Desktop/cmdhelp/cmdServer.py", line 19, in application
    code,obj=ci.router.wsgi_route(env)
  File "C:\Python27\lib\site-packages\gevent\pywsgi.py", line 494, in run_application
    self.result = self.application(self.environ, self.start_response)
  File "C:\Python27\lib\site-packages\gevent\pywsgi.py", line 508, in handle_one_response
    self.run_application()
  File "C:\Python27\lib\site-packages\gevent\pywsgi.py", line 321, in handle_one_request
    self.handle_one_response()
  File "C:\Python27\lib\site-packages\gevent\pywsgi.py", line 184, in handle
    result = self.handle_one_request()
  File "C:\Python27\lib\site-packages\gevent\pywsgi.py", line 658, in handle
    handler.handle()
  File "C:\Python27\lib\site-packages\gevent\greenlet.py", line 327, in run
    result = self._run(*self.args, **self.kwargs)

2015-05-15 15:50:28,029 INFO ('CI_Loader.py', '354', '_register_instance') load module Index of controllers successfull. 	<controllers.Index.Index instance at 0x02C120A8>
2015-05-15 15:50:30,065 INFO ('CI_DB.py', '99', 'query') select * from cmdhelp where cmd='ls'
2015-05-15 15:50:34,045 INFO ('CI_DB.py', '99', 'query') select * from cmdhelp where cmd='ls'
2015-05-15 15:52:54,415 INFO ('CI_Loader.py', '354', '_register_instance') load module Index of controllers successfull. 	<controllers.Index.Index instance at 0x02D220A8>
2015-05-15 15:52:56,571 INFO ('CI_DB.py', '99', 'query') select * from cmdhelp where cmd='ls'
2015-05-15 15:52:58,996 INFO ('CI_DB.py', '99', 'query') select * from cmdhelp where cmd='ls'
2015-05-15 15:53:18,845 INFO ('CI_Loader.py', '354', '_register_instance') load module Index of controllers successfull. 	<controllers.Index.Index instance at 0x02DC2198>
2015-05-15 15:53:19,088 INFO ('CI_DB.py', '99', 'query') select * from cmdhelp where cmd='ls'
2015-05-15 15:53:22,380 INFO ('CI_DB.py', '99', 'query') select * from cmdhelp where cmd='ls'
2015-05-15 15:53:54,335 INFO ('CI_Loader.py', '354', '_register_instance') load module Index of controllers successfull. 	<controllers.Index.Index instance at 0x02DF21C0>
2015-05-15 15:53:56,154 INFO ('CI_DB.py', '99', 'query') select * from cmdhelp where cmd='ls'
2015-05-15 15:54:59,053 INFO ('CI_Loader.py', '354', '_register_instance') load module Index of controllers successfull. 	<controllers.Index.Index instance at 0x02DC2198>
2015-05-15 15:54:59,625 INFO ('CI_DB.py', '99', 'query') select * from cmdhelp where cmd='ls'
2015-05-15 15:55:01,362 INFO ('CI_DB.py', '99', 'query') select * from cmdhelp where cmd='ls'
2015-05-15 15:56:27,276 INFO ('CI_Loader.py', '354', '_register_instance') load module Index of controllers successfull. 	<controllers.Index.Index instance at 0x02E071E8>
2015-05-15 15:56:28,312 INFO ('CI_DB.py', '99', 'query') select * from cmdhelp where cmd='ls'
2015-05-15 15:57:11,500 INFO ('CI_Loader.py', '354', '_register_instance') load module Index of controllers successfull. 	<controllers.Index.Index instance at 0x02C471E8>
2015-05-15 15:57:11,759 INFO ('CI_DB.py', '99', 'query') select * from cmdhelp where cmd='ls'
2015-05-15 15:57:12,970 INFO ('CI_DB.py', '99', 'query') select * from cmdhelp where cmd='ls'
2015-05-15 15:57:13,907 INFO ('CI_DB.py', '99', 'query') select * from cmdhelp where cmd='ls'
2015-05-15 15:57:14,553 INFO ('CI_DB.py', '99', 'query') select * from cmdhelp where cmd='ls'
2015-05-15 15:57:17,562 INFO ('CI_DB.py', '99', 'query') select * from cmdhelp where cmd='ls'
2015-05-15 15:57:18,227 INFO ('CI_DB.py', '99', 'query') select * from cmdhelp where cmd='ls'
2015-05-15 15:57:18,779 INFO ('CI_DB.py', '99', 'query') select * from cmdhelp where cmd='ls'
2015-05-15 15:57:19,114 INFO ('CI_DB.py', '99', 'query') select * from cmdhelp where cmd='ls'
2015-05-15 15:57:19,306 INFO ('CI_DB.py', '99', 'query') select * from cmdhelp where cmd='ls'
2015-05-15 15:57:19,657 INFO ('CI_DB.py', '99', 'query') select * from cmdhelp where cmd='ls'
2015-05-15 15:57:19,851 INFO ('CI_DB.py', '99', 'query') select * from cmdhelp where cmd='ls'
2015-05-15 15:57:20,082 INFO ('CI_DB.py', '99', 'query') select * from cmdhelp where cmd='ls'
2015-05-15 15:57:22,354 INFO ('CI_DB.py', '99', 'query') select * from cmdhelp where cmd='ls'
2015-05-15 15:57:40,786 INFO ('CI_Loader.py', '354', '_register_instance') load module Index of controllers successfull. 	<controllers.Index.Index instance at 0x02D071E8>
2015-05-15 15:57:41,414 INFO ('CI_DB.py', '99', 'query') select * from cmdhelp where cmd='ls'
2015-05-15 15:57:43,832 INFO ('CI_DB.py', '99', 'query') select * from cmdhelp where cmd='ls'
2015-05-15 15:58:18,713 INFO ('CI_Loader.py', '354', '_register_instance') load module Index of controllers successfull. 	<controllers.Index.Index instance at 0x02D471E8>
2015-05-15 15:58:19,349 INFO ('CI_DB.py', '99', 'query') select * from cmdhelp where cmd='ls'
2015-05-15 15:58:35,849 INFO ('CI_Loader.py', '354', '_register_instance') load module Index of controllers successfull. 	<controllers.Index.Index instance at 0x02D171E8>
2015-05-15 15:58:35,967 INFO ('CI_DB.py', '99', 'query') select * from cmdhelp where cmd='ls'
2015-05-15 15:58:39,576 INFO ('CI_DB.py', '99', 'query') select * from cmdhelp where cmd='ls'
2015-05-15 15:58:47,345 INFO ('CI_Loader.py', '354', '_register_instance') load module Index of controllers successfull. 	<controllers.Index.Index instance at 0x02BC71E8>
2015-05-15 15:58:47,845 INFO ('CI_DB.py', '99', 'query') select * from cmdhelp where cmd='ls'
2015-05-15 15:58:48,273 INFO ('CI_DB.py', '99', 'query') select * from cmdhelp where cmd='ls'
2015-05-15 15:59:43,075 INFO ('CI_DB.py', '99', 'query') select * from cmdhelp where cmd='ls'
2015-05-15 15:59:43,585 INFO ('CI_DB.py', '99', 'query') select * from cmdhelp where cmd='ls'
2015-05-15 16:03:54,220 INFO ('CI_Loader.py', '354', '_register_instance') load module Index of controllers successfull. 	<controllers.Index.Index instance at 0x02D071C0>
2015-05-15 16:03:56,789 INFO ('CI_DB.py', '99', 'query') select * from cmdhelp where cmd='ls'
2015-05-15 16:03:57,359 INFO ('CI_DB.py', '99', 'query') select * from cmdhelp where cmd='ls'
2015-05-15 16:03:58,727 INFO ('CI_DB.py', '99', 'query') select * from cmdhelp where cmd='ls'
